
Possible techniques: ['Seoi Nage', 'Uchi Mata', 'Osoto Gari']
Number of training batches: 1828
Number of testing batches: 202
cuda
Loads checkpoint by http backend from path: https://download.openmmlab.com/mmpose/v1/projects/rtmo/rtmo-l_16xb16-600e_body7-640x640-b37118ce_20231211.pth
04/28 17:00:25 - mmengine - WARNING - Failed to search registry with scope "mmpose" in the "function" registry tree. As a workaround, the current "function" registry in "mmengine" is used to build instance. This may cause unexpected failure when running the built modules. Please check whether "mmpose" is a correct scope, or whether the registry is initialized.

======================== Training started =========================
/projectnb/dl523/students/burnham1/Final/dl523_final_judo_detector/MultiStagePoseTracking/mmpose/mmpose/datasets/datasets/utils.py:102: UserWarning: The metainfo config file "configs/_base_/datasets/coco.py" does not exist. A matched config file "/projectnb/dl523/students/burnham1/Final/dl523_final_judo_detector/MultiStagePoseTracking/mmpose/mmpose/.mim/configs/_base_/datasets/coco.py" will be used instead.
  warnings.warn(
/projectnb/cs585/burnham1/.conda/envs/openmmlab/lib/python3.8/site-packages/torch/functional.py:504: UserWarning: torch.meshgrid: in an upcoming release, it will be required to pass the indexing argument. (Triggered internally at /opt/conda/conda-bld/pytorch_1695392036766/work/aten/src/ATen/native/TensorShape.cpp:3526.)
  return _VF.meshgrid(tensors, **kwargs)  # type: ignore[attr-defined]
Epoch [1/10], Batch [1/1828], Loss: 1.0754, 0.05% Complete
Epoch [1/10], Batch [2/1828], Loss: 0.9001, 0.11% Complete
Epoch [1/10], Batch [3/1828], Loss: 1.3945, 0.16% Complete
Epoch [1/10], Batch [4/1828], Loss: 1.2624, 0.22% Complete
Epoch [1/10], Batch [5/1828], Loss: 1.5220, 0.27% Complete
Epoch [1/10], Batch [6/1828], Loss: 1.4527, 0.33% Complete
Epoch [1/10], Batch [7/1828], Loss: 1.0796, 0.38% Complete
Epoch [1/10], Batch [8/1828], Loss: 1.2394, 0.44% Complete
Epoch [1/10], Batch [9/1828], Loss: 1.0572, 0.49% Complete
Epoch [1/10], Batch [10/1828], Loss: 1.0934, 0.55% Complete
Epoch [1/10], Batch [11/1828], Loss: 1.1193, 0.60% Complete
Epoch [1/10], Batch [12/1828], Loss: 1.0944, 0.66% Complete
Epoch [1/10], Batch [13/1828], Loss: 1.0891, 0.71% Complete
Epoch [1/10], Batch [14/1828], Loss: 1.0582, 0.77% Complete
Epoch [1/10], Batch [15/1828], Loss: 1.0277, 0.82% Complete
Epoch [1/10], Batch [16/1828], Loss: 1.1206, 0.88% Complete
Epoch [1/10], Batch [17/1828], Loss: 1.1940, 0.93% Complete
Epoch [1/10], Batch [18/1828], Loss: 1.1275, 0.98% Complete
Epoch [1/10], Batch [19/1828], Loss: 1.1223, 1.04% Complete
Epoch [1/10], Batch [20/1828], Loss: 1.2148, 1.09% Complete
Epoch [1/10], Batch [21/1828], Loss: 1.1006, 1.15% Complete
Epoch [1/10], Batch [22/1828], Loss: 1.0921, 1.20% Complete
Epoch [1/10], Batch [23/1828], Loss: 1.0783, 1.26% Complete
Epoch [1/10], Batch [24/1828], Loss: 1.0606, 1.31% Complete
Epoch [1/10], Batch [25/1828], Loss: 1.0230, 1.37% Complete
Epoch [1/10], Batch [26/1828], Loss: 1.0244, 1.42% Complete
Epoch [1/10], Batch [27/1828], Loss: 1.2772, 1.48% Complete
Epoch [1/10], Batch [28/1828], Loss: 1.0455, 1.53% Complete
Epoch [1/10], Batch [29/1828], Loss: 1.2902, 1.59% Complete
Epoch [1/10], Batch [30/1828], Loss: 0.9859, 1.64% Complete
Epoch [1/10], Batch [31/1828], Loss: 1.0589, 1.70% Complete
Epoch [1/10], Batch [32/1828], Loss: 1.0598, 1.75% Complete
Epoch [1/10], Batch [33/1828], Loss: 1.2830, 1.81% Complete
Epoch [1/10], Batch [34/1828], Loss: 1.0543, 1.86% Complete
Epoch [1/10], Batch [35/1828], Loss: 0.9964, 1.91% Complete
Epoch [1/10], Batch [36/1828], Loss: 1.0499, 1.97% Complete
Epoch [1/10], Batch [37/1828], Loss: 0.9941, 2.02% Complete
Epoch [1/10], Batch [38/1828], Loss: 1.2739, 2.08% Complete
Epoch [1/10], Batch [39/1828], Loss: 1.0440, 2.13% Complete
Epoch [1/10], Batch [40/1828], Loss: 0.9972, 2.19% Complete
Epoch [1/10], Batch [41/1828], Loss: 1.0393, 2.24% Complete
Epoch [1/10], Batch [42/1828], Loss: 0.9936, 2.30% Complete
Epoch [1/10], Batch [43/1828], Loss: 1.2917, 2.35% Complete
Epoch [1/10], Batch [44/1828], Loss: 1.0086, 2.41% Complete
Epoch [1/10], Batch [45/1828], Loss: 1.0350, 2.46% Complete
Epoch [1/10], Batch [46/1828], Loss: 1.0324, 2.52% Complete
Epoch [1/10], Batch [47/1828], Loss: 0.9947, 2.57% Complete
Epoch [1/10], Batch [48/1828], Loss: 1.0287, 2.63% Complete
Epoch [1/10], Batch [49/1828], Loss: 0.9637, 2.68% Complete
Epoch [1/10], Batch [50/1828], Loss: 1.3600, 2.74% Complete
Epoch [1/10], Batch [51/1828], Loss: 0.9553, 2.79% Complete
Epoch [1/10], Batch [52/1828], Loss: 1.3889, 2.84% Complete
Epoch [1/10], Batch [53/1828], Loss: 1.0231, 2.90% Complete
Epoch [1/10], Batch [54/1828], Loss: 1.0255, 2.95% Complete
Epoch [1/10], Batch [55/1828], Loss: 1.0227, 3.01% Complete
Epoch [1/10], Batch [56/1828], Loss: 0.9616, 3.06% Complete
Epoch [1/10], Batch [57/1828], Loss: 1.0107, 3.12% Complete
Epoch [1/10], Batch [58/1828], Loss: 1.3822, 3.17% Complete
Epoch [1/10], Batch [59/1828], Loss: 0.9748, 3.23% Complete
Epoch [1/10], Batch [60/1828], Loss: 0.9991, 3.28% Complete
Epoch [1/10], Batch [61/1828], Loss: 0.9751, 3.34% Complete
Epoch [1/10], Batch [62/1828], Loss: 0.9923, 3.39% Complete
Epoch [1/10], Batch [63/1828], Loss: 0.9764, 3.45% Complete
Epoch [1/10], Batch [64/1828], Loss: 1.4594, 3.50% Complete
Epoch [1/10], Batch [65/1828], Loss: 0.9587, 3.56% Complete
Epoch [1/10], Batch [66/1828], Loss: 0.9828, 3.61% Complete
Epoch [1/10], Batch [67/1828], Loss: 1.4518, 3.67% Complete
Epoch [1/10], Batch [68/1828], Loss: 0.9813, 3.72% Complete
Epoch [1/10], Batch [69/1828], Loss: 0.9792, 3.77% Complete
Epoch [1/10], Batch [70/1828], Loss: 0.9814, 3.83% Complete
Epoch [1/10], Batch [71/1828], Loss: 0.9742, 3.88% Complete
Epoch [1/10], Batch [72/1828], Loss: 0.9673, 3.94% Complete
Epoch [1/10], Batch [73/1828], Loss: 1.4325, 3.99% Complete
Epoch [1/10], Batch [74/1828], Loss: 0.9642, 4.05% Complete
Epoch [1/10], Batch [75/1828], Loss: 0.9573, 4.10% Complete
Epoch [1/10], Batch [76/1828], Loss: 1.4292, 4.16% Complete
Epoch [1/10], Batch [77/1828], Loss: 0.9448, 4.21% Complete
Epoch [1/10], Batch [78/1828], Loss: 1.4123, 4.27% Complete
Epoch [1/10], Batch [79/1828], Loss: 0.9354, 4.32% Complete
Epoch [1/10], Batch [80/1828], Loss: 1.3631, 4.38% Complete
Epoch [1/10], Batch [81/1828], Loss: 1.0629, 4.43% Complete
Epoch [1/10], Batch [82/1828], Loss: 1.0689, 4.49% Complete
Epoch [1/10], Batch [83/1828], Loss: 0.9425, 4.54% Complete
Epoch [1/10], Batch [84/1828], Loss: 1.0771, 4.60% Complete
Epoch [1/10], Batch [85/1828], Loss: 0.9419, 4.65% Complete
Epoch [1/10], Batch [86/1828], Loss: 0.9498, 4.70% Complete
Epoch [1/10], Batch [87/1828], Loss: 1.0822, 4.76% Complete
Epoch [1/10], Batch [88/1828], Loss: 0.9348, 4.81% Complete
Epoch [1/10], Batch [89/1828], Loss: 1.3097, 4.87% Complete
Epoch [1/10], Batch [90/1828], Loss: 1.3273, 4.92% Complete
Epoch [1/10], Batch [91/1828], Loss: 1.0913, 4.98% Complete
Epoch [1/10], Batch [92/1828], Loss: 0.9241, 5.03% Complete
Epoch [1/10], Batch [93/1828], Loss: 0.9248, 5.09% Complete
Epoch [1/10], Batch [94/1828], Loss: 0.9181, 5.14% Complete
Epoch [1/10], Batch [95/1828], Loss: 0.9234, 5.20% Complete
Epoch [1/10], Batch [96/1828], Loss: 1.1084, 5.25% Complete
Epoch [1/10], Batch [97/1828], Loss: 1.1110, 5.31% Complete
Epoch [1/10], Batch [98/1828], Loss: 0.8818, 5.36% Complete
Epoch [1/10], Batch [99/1828], Loss: 1.4046, 5.42% Complete
Epoch [1/10], Batch [100/1828], Loss: 0.8731, 5.47% Complete
Epoch [1/10], Batch [101/1828], Loss: 0.8652, 5.53% Complete
Epoch [1/10], Batch [102/1828], Loss: 0.8487, 5.58% Complete
Epoch [1/10], Batch [103/1828], Loss: 0.8191, 5.63% Complete
Epoch [1/10], Batch [104/1828], Loss: 0.7731, 5.69% Complete
Epoch [1/10], Batch [105/1828], Loss: 1.5629, 5.74% Complete
Epoch [1/10], Batch [106/1828], Loss: 1.5869, 5.80% Complete
Epoch [1/10], Batch [107/1828], Loss: 0.6933, 5.85% Complete
Epoch [1/10], Batch [108/1828], Loss: 0.6707, 5.91% Complete
Epoch [1/10], Batch [109/1828], Loss: 0.6380, 5.96% Complete
Epoch [1/10], Batch [110/1828], Loss: 0.5618, 6.02% Complete
Epoch [1/10], Batch [111/1828], Loss: 0.4455, 6.07% Complete
Epoch [1/10], Batch [112/1828], Loss: 0.2699, 6.13% Complete
Epoch [1/10], Batch [113/1828], Loss: 0.1109, 6.18% Complete
Epoch [1/10], Batch [114/1828], Loss: 3.7913, 6.24% Complete
Epoch [1/10], Batch [115/1828], Loss: 3.1946, 6.29% Complete
Epoch [1/10], Batch [116/1828], Loss: 2.6299, 6.35% Complete
Epoch [1/10], Batch [117/1828], Loss: 2.8356, 6.40% Complete
Epoch [1/10], Batch [118/1828], Loss: 0.3053, 6.46% Complete
Epoch [1/10], Batch [119/1828], Loss: 1.4432, 6.51% Complete
Epoch [1/10], Batch [120/1828], Loss: 1.2849, 6.56% Complete
Epoch [1/10], Batch [121/1828], Loss: 1.1777, 6.62% Complete
Epoch [1/10], Batch [122/1828], Loss: 1.0870, 6.67% Complete
Epoch [1/10], Batch [123/1828], Loss: 0.8110, 6.73% Complete
Epoch [1/10], Batch [124/1828], Loss: 0.9574, 6.78% Complete
Epoch [1/10], Batch [125/1828], Loss: 0.9200, 6.84% Complete
Epoch [1/10], Batch [126/1828], Loss: 0.9230, 6.89% Complete
Epoch [1/10], Batch [127/1828], Loss: 1.7010, 6.95% Complete
Epoch [1/10], Batch [128/1828], Loss: 1.0430, 7.00% Complete
Epoch [1/10], Batch [129/1828], Loss: 1.0364, 7.06% Complete
Epoch [1/10], Batch [130/1828], Loss: 1.5807, 7.11% Complete
Epoch [1/10], Batch [131/1828], Loss: 1.0169, 7.17% Complete
Epoch [1/10], Batch [132/1828], Loss: 1.3034, 7.22% Complete
Epoch [1/10], Batch [133/1828], Loss: 1.0006, 7.28% Complete
Epoch [1/10], Batch [134/1828], Loss: 1.0269, 7.33% Complete
Epoch [1/10], Batch [135/1828], Loss: 1.0385, 7.39% Complete
Epoch [1/10], Batch [136/1828], Loss: 0.9990, 7.44% Complete
Epoch [1/10], Batch [137/1828], Loss: 0.9985, 7.49% Complete
Epoch [1/10], Batch [138/1828], Loss: 1.0237, 7.55% Complete
Epoch [1/10], Batch [139/1828], Loss: 0.9955, 7.60% Complete
Epoch [1/10], Batch [140/1828], Loss: 1.0481, 7.66% Complete
Epoch [1/10], Batch [141/1828], Loss: 0.9925, 7.71% Complete
Epoch [1/10], Batch [142/1828], Loss: 0.9900, 7.77% Complete
Epoch [1/10], Batch [143/1828], Loss: 0.9848, 7.82% Complete
Epoch [1/10], Batch [144/1828], Loss: 1.3927, 7.88% Complete
Epoch [1/10], Batch [145/1828], Loss: 0.9694, 7.93% Complete
Epoch [1/10], Batch [146/1828], Loss: 0.9630, 7.99% Complete
Epoch [1/10], Batch [147/1828], Loss: 0.9529, 8.04% Complete
Epoch [1/10], Batch [148/1828], Loss: 0.9425, 8.10% Complete
Epoch [1/10], Batch [149/1828], Loss: 1.0529, 8.15% Complete
Epoch [1/10], Batch [150/1828], Loss: 0.9229, 8.21% Complete
Epoch [1/10], Batch [151/1828], Loss: 1.4138, 8.26% Complete
Epoch [1/10], Batch [152/1828], Loss: 1.0713, 8.32% Complete
Epoch [1/10], Batch [153/1828], Loss: 0.9005, 8.37% Complete
Epoch [1/10], Batch [154/1828], Loss: 0.8930, 8.42% Complete
Epoch [1/10], Batch [155/1828], Loss: 1.4019, 8.48% Complete
Epoch [1/10], Batch [156/1828], Loss: 1.0909, 8.53% Complete
Epoch [1/10], Batch [157/1828], Loss: 1.0903, 8.59% Complete
Epoch [1/10], Batch [158/1828], Loss: 1.0748, 8.64% Complete
Epoch [1/10], Batch [159/1828], Loss: 0.8672, 8.70% Complete
Epoch [1/10], Batch [160/1828], Loss: 1.4058, 8.75% Complete
Epoch [1/10], Batch [161/1828], Loss: 0.8664, 8.81% Complete
Epoch [1/10], Batch [162/1828], Loss: 1.4255, 8.86% Complete
Epoch [1/10], Batch [163/1828], Loss: 1.4286, 8.92% Complete
Epoch [1/10], Batch [164/1828], Loss: 1.1166, 8.97% Complete
Epoch [1/10], Batch [165/1828], Loss: 1.0974, 9.03% Complete
Epoch [1/10], Batch [166/1828], Loss: 1.3928, 9.08% Complete
Epoch [1/10], Batch [167/1828], Loss: 0.8890, 9.14% Complete
Epoch [1/10], Batch [168/1828], Loss: 0.8939, 9.19% Complete
Epoch [1/10], Batch [169/1828], Loss: 1.1140, 9.25% Complete
Epoch [1/10], Batch [170/1828], Loss: 1.3378, 9.30% Complete
Epoch [1/10], Batch [171/1828], Loss: 1.2997, 9.35% Complete
Epoch [1/10], Batch [172/1828], Loss: 1.1230, 9.41% Complete
Epoch [1/10], Batch [173/1828], Loss: 1.2888, 9.46% Complete
Epoch [1/10], Batch [174/1828], Loss: 0.9187, 9.52% Complete
Epoch [1/10], Batch [175/1828], Loss: 1.1804, 9.57% Complete
Epoch [1/10], Batch [176/1828], Loss: 0.9328, 9.63% Complete
Epoch [1/10], Batch [177/1828], Loss: 0.9294, 9.68% Complete
Epoch [1/10], Batch [178/1828], Loss: 1.1508, 9.74% Complete
Epoch [1/10], Batch [179/1828], Loss: 1.1608, 9.79% Complete
Epoch [1/10], Batch [180/1828], Loss: 0.9354, 9.85% Complete
Epoch [1/10], Batch [181/1828], Loss: 1.2271, 9.90% Complete
Epoch [1/10], Batch [182/1828], Loss: 0.9375, 9.96% Complete
Epoch [1/10], Batch [183/1828], Loss: 0.9327, 10.01% Complete
Epoch [1/10], Batch [184/1828], Loss: 1.1588, 10.07% Complete
Epoch [1/10], Batch [185/1828], Loss: 1.1520, 10.12% Complete
Epoch [1/10], Batch [186/1828], Loss: 0.9369, 10.18% Complete
Epoch [1/10], Batch [187/1828], Loss: 1.2491, 10.23% Complete
Epoch [1/10], Batch [188/1828], Loss: 1.1458, 10.28% Complete
Epoch [1/10], Batch [189/1828], Loss: 1.2507, 10.34% Complete
Epoch [1/10], Batch [190/1828], Loss: 1.1608, 10.39% Complete
Epoch [1/10], Batch [191/1828], Loss: 1.2283, 10.45% Complete
Epoch [1/10], Batch [192/1828], Loss: 1.2376, 10.50% Complete
Epoch [1/10], Batch [193/1828], Loss: 0.9409, 10.56% Complete
Epoch [1/10], Batch [194/1828], Loss: 1.1564, 10.61% Complete
Epoch [1/10], Batch [195/1828], Loss: 0.9433, 10.67% Complete
Epoch [1/10], Batch [196/1828], Loss: 1.1616, 10.72% Complete
Epoch [1/10], Batch [197/1828], Loss: 1.1471, 10.78% Complete
Epoch [1/10], Batch [198/1828], Loss: 0.9557, 10.83% Complete
Epoch [1/10], Batch [199/1828], Loss: 0.9564, 10.89% Complete
Epoch [1/10], Batch [200/1828], Loss: 1.2134, 10.94% Complete
Epoch [1/10], Batch [201/1828], Loss: 1.2363, 11.00% Complete
Epoch [1/10], Batch [202/1828], Loss: 0.9523, 11.05% Complete
Epoch [1/10], Batch [203/1828], Loss: 0.9476, 11.11% Complete
Epoch [1/10], Batch [204/1828], Loss: 1.1428, 11.16% Complete
Epoch [1/10], Batch [205/1828], Loss: 1.1448, 11.21% Complete
Epoch [1/10], Batch [206/1828], Loss: 1.1388, 11.27% Complete
Epoch [1/10], Batch [207/1828], Loss: 0.9480, 11.32% Complete
Epoch [1/10], Batch [208/1828], Loss: 1.2376, 11.38% Complete
Epoch [1/10], Batch [209/1828], Loss: 0.9486, 11.43% Complete
Epoch [1/10], Batch [210/1828], Loss: 1.2253, 11.49% Complete
Epoch [1/10], Batch [211/1828], Loss: 1.1301, 11.54% Complete
Epoch [1/10], Batch [212/1828], Loss: 0.9566, 11.60% Complete
Epoch [1/10], Batch [213/1828], Loss: 0.9579, 11.65% Complete
Epoch [1/10], Batch [214/1828], Loss: 0.9500, 11.71% Complete
Epoch [1/10], Batch [215/1828], Loss: 0.9561, 11.76% Complete
Epoch [1/10], Batch [216/1828], Loss: 0.9395, 11.82% Complete
Epoch [1/10], Batch [217/1828], Loss: 1.2593, 11.87% Complete
Epoch [1/10], Batch [218/1828], Loss: 0.9334, 11.93% Complete
Epoch [1/10], Batch [219/1828], Loss: 0.9300, 11.98% Complete
Epoch [1/10], Batch [220/1828], Loss: 0.9228, 12.04% Complete
Epoch [1/10], Batch [221/1828], Loss: 1.1506, 12.09% Complete
Epoch [1/10], Batch [222/1828], Loss: 1.1448, 12.14% Complete
Epoch [1/10], Batch [223/1828], Loss: 1.2651, 12.20% Complete
Epoch [1/10], Batch [224/1828], Loss: 1.1438, 12.25% Complete
Epoch [1/10], Batch [225/1828], Loss: 1.1420, 12.31% Complete
Epoch [1/10], Batch [226/1828], Loss: 0.9012, 12.36% Complete
Epoch [1/10], Batch [227/1828], Loss: 1.3020, 12.42% Complete
Epoch [1/10], Batch [228/1828], Loss: 1.2793, 12.47% Complete
Epoch [1/10], Batch [229/1828], Loss: 0.9022, 12.53% Complete
Epoch [1/10], Batch [230/1828], Loss: 1.1365, 12.58% Complete
Epoch [1/10], Batch [231/1828], Loss: 0.8973, 12.64% Complete
Epoch [1/10], Batch [232/1828], Loss: 1.3051, 12.69% Complete
Epoch [1/10], Batch [233/1828], Loss: 0.9019, 12.75% Complete
Epoch [1/10], Batch [234/1828], Loss: 1.2966, 12.80% Complete
Epoch [1/10], Batch [235/1828], Loss: 1.1527, 12.86% Complete
Epoch [1/10], Batch [236/1828], Loss: 1.2936, 12.91% Complete
Epoch [1/10], Batch [237/1828], Loss: 0.9155, 12.96% Complete
Epoch [1/10], Batch [238/1828], Loss: 0.9024, 13.02% Complete
Epoch [1/10], Batch [239/1828], Loss: 0.9022, 13.07% Complete
Epoch [1/10], Batch [240/1828], Loss: 0.9019, 13.13% Complete
Epoch [1/10], Batch [241/1828], Loss: 0.8987, 13.18% Complete
Epoch [1/10], Batch [242/1828], Loss: 0.8961, 13.24% Complete
Epoch [1/10], Batch [243/1828], Loss: 1.2739, 13.29% Complete
Epoch [1/10], Batch [244/1828], Loss: 1.1868, 13.35% Complete
Epoch [1/10], Batch [245/1828], Loss: 1.2765, 13.40% Complete
Epoch [1/10], Batch [246/1828], Loss: 0.8930, 13.46% Complete
Epoch [1/10], Batch [247/1828], Loss: 0.8751, 13.51% Complete
Epoch [1/10], Batch [248/1828], Loss: 0.8653, 13.57% Complete
Epoch [1/10], Batch [249/1828], Loss: 0.8612, 13.62% Complete
Epoch [1/10], Batch [250/1828], Loss: 1.2249, 13.68% Complete
Epoch [1/10], Batch [251/1828], Loss: 0.8468, 13.73% Complete
Epoch [1/10], Batch [252/1828], Loss: 0.8317, 13.79% Complete
Epoch [1/10], Batch [253/1828], Loss: 1.2425, 13.84% Complete
Epoch [1/10], Batch [254/1828], Loss: 1.2420, 13.89% Complete
Epoch [1/10], Batch [255/1828], Loss: 0.8172, 13.95% Complete
Epoch [1/10], Batch [256/1828], Loss: 0.8035, 14.00% Complete
Epoch [1/10], Batch [257/1828], Loss: 0.7975, 14.06% Complete
Epoch [1/10], Batch [258/1828], Loss: 1.2367, 14.11% Complete
Epoch [1/10], Batch [259/1828], Loss: 0.7720, 14.17% Complete
Epoch [1/10], Batch [260/1828], Loss: 0.7561, 14.22% Complete
Epoch [1/10], Batch [261/1828], Loss: 1.4494, 14.28% Complete
Epoch [1/10], Batch [262/1828], Loss: 1.4586, 14.33% Complete
Epoch [1/10], Batch [263/1828], Loss: 1.2607, 14.39% Complete
Epoch [1/10], Batch [264/1828], Loss: 1.2613, 14.44% Complete
Epoch [1/10], Batch [265/1828], Loss: 1.2515, 14.50% Complete
Epoch [1/10], Batch [266/1828], Loss: 0.7495, 14.55% Complete
Epoch [1/10], Batch [267/1828], Loss: 1.4761, 14.61% Complete
Epoch [1/10], Batch [268/1828], Loss: 0.7491, 14.66% Complete
Epoch [1/10], Batch [269/1828], Loss: 0.7610, 14.72% Complete
Epoch [1/10], Batch [270/1828], Loss: 1.4681, 14.77% Complete
Epoch [1/10], Batch [271/1828], Loss: 1.2131, 14.82% Complete
Epoch [1/10], Batch [272/1828], Loss: 0.7591, 14.88% Complete
Epoch [1/10], Batch [273/1828], Loss: 0.7597, 14.93% Complete
Epoch [1/10], Batch [274/1828], Loss: 0.7841, 14.99% Complete
Epoch [1/10], Batch [275/1828], Loss: 0.7597, 15.04% Complete
Epoch [1/10], Batch [276/1828], Loss: 1.4587, 15.10% Complete
Epoch [1/10], Batch [277/1828], Loss: 1.4705, 15.15% Complete
Epoch [1/10], Batch [278/1828], Loss: 1.2378, 15.21% Complete
Epoch [1/10], Batch [279/1828], Loss: 1.4454, 15.26% Complete
Epoch [1/10], Batch [280/1828], Loss: 1.2419, 15.32% Complete
Epoch [1/10], Batch [281/1828], Loss: 0.7614, 15.37% Complete
Epoch [1/10], Batch [282/1828], Loss: 1.4066, 15.43% Complete
Epoch [1/10], Batch [283/1828], Loss: 1.3818, 15.48% Complete
Epoch [1/10], Batch [284/1828], Loss: 1.2389, 15.54% Complete
Epoch [1/10], Batch [285/1828], Loss: 0.7958, 15.59% Complete
Epoch [1/10], Batch [286/1828], Loss: 1.2365, 15.65% Complete
Epoch [1/10], Batch [287/1828], Loss: 1.2312, 15.70% Complete
Epoch [1/10], Batch [288/1828], Loss: 1.2237, 15.75% Complete
Epoch [1/10], Batch [289/1828], Loss: 1.2124, 15.81% Complete
Epoch [1/10], Batch [290/1828], Loss: 0.8372, 15.86% Complete
Epoch [1/10], Batch [291/1828], Loss: 0.8440, 15.92% Complete
Epoch [1/10], Batch [292/1828], Loss: 1.1841, 15.97% Complete
Epoch [1/10], Batch [293/1828], Loss: 0.8518, 16.03% Complete
Epoch [1/10], Batch [294/1828], Loss: 1.3335, 16.08% Complete
Epoch [1/10], Batch [295/1828], Loss: 1.1619, 16.14% Complete
Epoch [1/10], Batch [296/1828], Loss: 1.1559, 16.19% Complete
Epoch [1/10], Batch [297/1828], Loss: 1.3423, 16.25% Complete
Epoch [1/10], Batch [298/1828], Loss: 1.1410, 16.30% Complete
Epoch [1/10], Batch [299/1828], Loss: 0.8778, 16.36% Complete
Epoch [1/10], Batch [300/1828], Loss: 0.8778, 16.41% Complete
Epoch [1/10], Batch [301/1828], Loss: 0.8800, 16.47% Complete
Epoch [1/10], Batch [302/1828], Loss: 0.8882, 16.52% Complete
Epoch [1/10], Batch [303/1828], Loss: 0.8811, 16.58% Complete
Epoch [1/10], Batch [304/1828], Loss: 1.1182, 16.63% Complete
Epoch [1/10], Batch [305/1828], Loss: 1.1097, 16.68% Complete
Epoch [1/10], Batch [306/1828], Loss: 1.3804, 16.74% Complete
Epoch [1/10], Batch [307/1828], Loss: 0.8747, 16.79% Complete
Epoch [1/10], Batch [308/1828], Loss: 0.8718, 16.85% Complete
Epoch [1/10], Batch [309/1828], Loss: 1.3864, 16.90% Complete
Epoch [1/10], Batch [310/1828], Loss: 0.8688, 16.96% Complete
Epoch [1/10], Batch [311/1828], Loss: 1.1028, 17.01% Complete
Epoch [1/10], Batch [312/1828], Loss: 1.3824, 17.07% Complete
Epoch [1/10], Batch [313/1828], Loss: 1.1031, 17.12% Complete
Epoch [1/10], Batch [314/1828], Loss: 1.1025, 17.18% Complete
Epoch [1/10], Batch [315/1828], Loss: 1.0977, 17.23% Complete
Epoch [1/10], Batch [316/1828], Loss: 1.0884, 17.29% Complete
Epoch [1/10], Batch [317/1828], Loss: 1.0804, 17.34% Complete
Epoch [1/10], Batch [318/1828], Loss: 0.8756, 17.40% Complete
Traceback (most recent call last):
  File "train.py", line 63, in <module>
    output = model(videos[0])
  File "/projectnb/cs585/burnham1/.conda/envs/openmmlab/lib/python3.8/site-packages/torch/nn/modules/module.py", line 1518, in _wrapped_call_impl
    return self._call_impl(*args, **kwargs)
  File "/projectnb/cs585/burnham1/.conda/envs/openmmlab/lib/python3.8/site-packages/torch/nn/modules/module.py", line 1527, in _call_impl
    return forward_call(*args, **kwargs)
  File "/projectnb/dl523/students/burnham1/Final/dl523_final_judo_detector/MultiStagePoseTracking/model.py", line 67, in forward
    lstm_input = self.prepare_lstm_input(pose1_seq, pose2_seq)
  File "/projectnb/dl523/students/burnham1/Final/dl523_final_judo_detector/MultiStagePoseTracking/model.py", line 87, in prepare_lstm_input
    pose1_seq = torch.stack(pose1_seq)
RuntimeError: stack expects a non-empty TensorList
