OpenCV: FFMPEG: tag 0x5634504d/'MP4V' is not supported with codec id 12 and format 'mp4 / MP4 (MPEG-4 Part 14)'
OpenCV: FFMPEG: fallback to use tag 0x7634706d/'mp4v'
Could not find image processor class in the image processor config or the model config. Loading based on pattern matching with the model's feature extractor configuration. Please open a PR/issue to update `preprocessor_config.json` to use `image_processor_type` instead of `feature_extractor_type`. This warning will be removed in v4.40.
The `max_size` parameter is deprecated and will be removed in v4.26. Please specify in `size['longest_edge'] instead`.
Some weights of the model checkpoint at SenseTime/deformable-detr were not used when initializing DeformableDetrForObjectDetection: ['model.backbone.conv_encoder.model.layer1.0.downsample.1.num_batches_tracked', 'model.backbone.conv_encoder.model.layer2.0.downsample.1.num_batches_tracked', 'model.backbone.conv_encoder.model.layer3.0.downsample.1.num_batches_tracked', 'model.backbone.conv_encoder.model.layer4.0.downsample.1.num_batches_tracked']
- This IS expected if you are initializing DeformableDetrForObjectDetection from the checkpoint of a model trained on another task or with another architecture (e.g. initializing a BertForSequenceClassification model from a BertForPreTraining model).
- This IS NOT expected if you are initializing DeformableDetrForObjectDetection from the checkpoint of a model that you expect to be exactly identical (initializing a BertForSequenceClassification model from a BertForSequenceClassification model).
1280 720 30.0 99
Detected person with confidence 0.716 at location [507.78, 205.35, 847.54, 577.48]
Detected person with confidence 0.748 at location [533.81, 185.22, 845.32, 596.63]
Detected person with confidence 0.758 at location [540.59, 181.09, 845.36, 593.5]
Detected person with confidence 0.749 at location [497.32, 166.68, 613.8, 579.09]
Detected person with confidence 0.784 at location [543.53, 170.24, 838.85, 596.38]
Detected person with confidence 0.886 at location [531.3, 160.04, 832.26, 592.68]
Detected person with confidence 0.871 at location [546.18, 182.41, 831.68, 593.71]
Detected person with confidence 0.731 at location [498.36, 218.34, 588.63, 570.37]
Detected person with confidence 0.9 at location [543.06, 181.36, 832.47, 590.12]
Detected person with confidence 0.731 at location [498.1, 219.91, 589.25, 570.96]
Detected person with confidence 0.875 at location [557.61, 159.43, 831.59, 583.25]
Detected person with confidence 0.762 at location [495.74, 195.44, 600.72, 574.78]
Detected person with confidence 0.854 at location [562.77, 132.37, 830.6, 576.79]
Detected person with confidence 0.761 at location [498.13, 224.21, 595.61, 577.78]
Detected person with confidence 0.841 at location [564.26, 168.21, 831.04, 577.37]
Detected person with confidence 0.736 at location [568.85, 171.86, 831.72, 574.1]
Detected person with confidence 0.711 at location [572.82, 141.23, 831.7, 581.0]
Detected person with confidence 0.795 at location [514.63, 262.15, 629.45, 567.89]
Detected person with confidence 0.767 at location [588.13, 155.5, 846.84, 578.93]
Detected person with confidence 0.748 at location [514.78, 237.21, 634.92, 563.96]
Detected person with confidence 0.717 at location [528.38, 169.25, 682.85, 579.39]
Detected person with confidence 0.703 at location [544.6, 174.11, 683.53, 572.56]
Detected person with confidence 0.784 at location [553.45, 158.32, 688.24, 573.14]
Detected person with confidence 0.777 at location [553.62, 159.51, 687.6, 573.26]
Detected person with confidence 0.713 at location [559.58, 318.31, 649.61, 580.16]
Detected person with confidence 0.781 at location [613.53, 185.58, 932.65, 599.59]
Detected person with confidence 0.85 at location [612.44, 172.87, 953.11, 600.84]
Detected person with confidence 0.835 at location [607.03, 175.98, 953.08, 601.31]
Detected person with confidence 0.722 at location [601.32, 185.64, 969.01, 605.86]
Detected person with confidence 0.7 at location [562.69, 189.59, 656.74, 524.65]
Detected person with confidence 0.832 at location [561.43, 187.44, 664.22, 528.4]
Detected person with confidence 0.807 at location [552.97, 185.89, 655.88, 530.86]
Detected person with confidence 0.81 at location [552.86, 185.68, 655.76, 531.06]
Detected person with confidence 0.799 at location [546.09, 185.26, 653.41, 528.33]
Detected person with confidence 0.855 at location [540.33, 185.43, 653.43, 529.19]
Detected person with confidence 0.861 at location [534.1, 183.05, 647.62, 531.0]
Detected person with confidence 0.841 at location [527.06, 183.12, 644.25, 531.59]
Detected person with confidence 0.822 at location [521.16, 180.73, 639.51, 529.38]
Detected person with confidence 0.816 at location [521.18, 180.51, 639.61, 529.58]
Detected person with confidence 0.851 at location [515.35, 179.33, 633.48, 531.76]
Detected person with confidence 0.764 at location [510.27, 181.46, 634.06, 531.71]
Detected person with confidence 0.731 at location [613.66, 190.44, 973.37, 599.98]
Detected person with confidence 0.732 at location [496.48, 184.98, 600.57, 532.43]
Detected person with confidence 0.831 at location [472.94, 181.21, 595.59, 535.25]
Detected person with confidence 0.778 at location [395.58, 163.03, 556.55, 545.46]
Detected person with confidence 0.813 at location [397.22, 162.46, 555.27, 544.19]
Detected person with confidence 0.733 at location [428.02, 163.74, 552.64, 546.84]
Detected person with confidence 0.704 at location [824.47, 281.65, 926.07, 374.76]
Detected person with confidence 0.717 at location [824.5, 281.55, 927.59, 376.47]
Detected person with confidence 0.742 at location [828.2, 284.49, 927.23, 376.3]
Detected person with confidence 0.747 at location [829.86, 283.76, 926.58, 378.45]
Detected person with confidence 0.742 at location [829.5, 283.91, 925.62, 378.37]
Detected person with confidence 0.713 at location [830.93, 285.05, 927.27, 378.72]
Detected person with confidence 0.701 at location [834.04, 286.2, 930.02, 380.8]
